<html>
<head>
<title>TestNG:  Smoke Test</title>
<link href="../testng.css" rel="stylesheet" type="text/css" />
<link href="../my-testng.css" rel="stylesheet" type="text/css" />

<style type="text/css">
.log { display: none;} 
.stack-trace { display: none;} 
</style>
<script type="text/javascript">
<!--
function flip(e) {
  current = e.style.display;
  if (current == 'block') {
    e.style.display = 'none';
    return 0;
  }
  else {
    e.style.display = 'block';
    return 1;
  }
}

function toggleBox(szDivId, elem, msg1, msg2)
{
  var res = -1;  if (document.getElementById) {
    res = flip(document.getElementById(szDivId));
  }
  else if (document.all) {
    // this is the way old msie versions work
    res = flip(document.all[szDivId]);
  }
  if(elem) {
    if(res == 0) elem.innerHTML = msg1; else elem.innerHTML = msg2;
  }

}

function toggleAllBoxes() {
  if (document.getElementsByTagName) {
    d = document.getElementsByTagName('div');
    for (i = 0; i < d.length; i++) {
      if (d[i].className == 'log') {
        flip(d[i]);
      }
    }
  }
}

// -->
</script>

</head>
<body>
<h2 align='center'>Smoke Test</h2><table border='1' align="center">
<tr>
<td>Tests passed/Failed/Skipped:</td><td>15/1/0</td>
</tr><tr>
<td>Started on:</td><td>Thu May 04 13:52:42 TRT 2023</td>
</tr>
<tr><td>Total time:</td><td>49 seconds (49008 ms)</td>
</tr><tr>
<td>Included groups:</td><td></td>
</tr><tr>
<td>Excluded groups:</td><td></td>
</tr>
</table><p/>
<small><i>(Hover the method name to see the test class name)</i></small><p/>
<table width='100%' border='1' class='invocation-failed'>
<tr><td colspan='4' align='center'><b>FAILED TESTS</b></td></tr>
<tr><td><b>Test method</b></td>
<td><b>Attribute(s)</b></td>
<td width="30%"><b>Exception</b></td>
<td width="10%"><b>Time (seconds)</b></td>
<td><b>Instance</b></td>
</tr>
<tr>
<td title='general.tests.day24_Properties_Pages.SmokeTest.PositiveTest.testName()'><b>testName</b><br>Test class: techproed.tests.day24_Properties_Pages.SmokeTest.PositiveTest</td>
<td><div><pre>org.openqa.selenium.NoSuchElementException: no such element: Unable to locate element: {&quot;method&quot;:&quot;css selector&quot;,&quot;selector&quot;:&quot;#dropdown\-basic\-button&quot;}
  (Session info: chrome=112.0.5615.138)
For documentation on this error, please visit: https://selenium.dev/exceptions/#no_such_element
Build info: version: &apos;4.9.0&apos;, revision: &apos;d7057100a6&apos;
System info: os.name: &apos;Windows 10&apos;, os.arch: &apos;amd64&apos;, os.version: &apos;10.0&apos;, java.version: &apos;19.0.2&apos;
Driver info: org.openqa.selenium.chrome.ChromeDriver
Command: [531c815a7f8474acfb4e827bea438187, findElement {using=id, value=dropdown-basic-button}]
Capabilities {acceptInsecureCerts: false, browserName: chrome, browserVersion: 112.0.5615.138, chrome: {chromedriverVersion: 112.0.5615.49 (bd2a7bcb881c..., userDataDir: C:\Users\HAKANB~1.DES\AppDa...}, goog:chromeOptions: {debuggerAddress: localhost:54004}, networkConnectionEnabled: false, pageLoadStrategy: normal, platformName: WINDOWS, proxy: Proxy(), se:cdp: ws://localhost:54004/devtoo..., se:cdpVersion: 112.0.5615.138, setWindowRect: true, strictFileInteractability: false, timeouts: {implicit: 0, pageLoad: 300000, script: 30000}, unhandledPromptBehavior: dismiss and notify, webauthn:extension:credBlob: true, webauthn:extension:largeBlob: true, webauthn:extension:minPinLength: true, webauthn:extension:prf: true, webauthn:virtualAuthenticators: true}
Session ID: 531c815a7f8474acfb4e827bea438187
	at org.openqa.selenium.remote.codec.w3c.W3CHttpResponseCodec.createException(W3CHttpResponseCodec.java:200)
	at org.openqa.selenium.remote.codec.w3c.W3CHttpResponseCodec.decode(W3CHttpResponseCodec.java:133)
	at org.openqa.selenium.remote.codec.w3c.W3CHttpResponseCodec.decode(W3CHttpResponseCodec.java:53)
	at org.openqa.selenium.remote.HttpCommandExecutor.execute(HttpCommandExecutor.java:193)
	at org.openqa.selenium.remote.service.DriverCommandExecutor.invokeExecute(DriverCommandExecutor.java:183)
	at org.openqa.selenium.remote.service.DriverCommandExecutor.execute(DriverCommandExecutor.java:158)
	at org.openqa.selenium.remote.RemoteWebDriver.execute(RemoteWebDriver.java:543)
	at org.openqa.selenium.remote.ElementLocation$ElementFinder$2.findElement(ElementLocation.java:162)
	at org.openqa.selenium.remote.ElementLocation.findElement(ElementLocation.java:66)
	at org.openqa.selenium.remote.RemoteWebDriver.findElement(RemoteWebDriver.java:352)
	at org.openqa.selenium.remote.RemoteWebDriver.findElement(RemoteWebDriver.java:344)
	at org.openqa.selenium.support.pagefactory.DefaultElementLocator.findElement(DefaultElementLocator.java:70)
	at org.openqa.selenium.support.pagefactory.internal.LocatingElementHandler.invoke(LocatingElementHandler.java:39)
	at jdk.proxy2/jdk.proxy2.$Proxy14.getText(Unknown Source)
	at general.tests.day24_Properties_Pages.SmokeTest.PositiveTest.testName(PositiveTest.java:27)
	at java.base/java.util.ArrayList.forEach(ArrayList.java:1511)
	at com.intellij.rt.testng.IDEARemoteTestNG.run(IDEARemoteTestNG.java:66)
	at com.intellij.rt.testng.RemoteTestNGStarter.main(RemoteTestNGStarter.java:109)
... Removed 25 stack frames</pre></div><a href='#' onClick='toggleBox("stack-trace265556987", this, "Click to show all stack frames", "Click to hide stack frames")'>Click to show all stack frames</a>
<div class='stack-trace' id='stack-trace265556987'><pre>org.openqa.selenium.NoSuchElementException: no such element: Unable to locate element: {&quot;method&quot;:&quot;css selector&quot;,&quot;selector&quot;:&quot;#dropdown\-basic\-button&quot;}
  (Session info: chrome=112.0.5615.138)
For documentation on this error, please visit: https://selenium.dev/exceptions/#no_such_element
Build info: version: &apos;4.9.0&apos;, revision: &apos;d7057100a6&apos;
System info: os.name: &apos;Windows 10&apos;, os.arch: &apos;amd64&apos;, os.version: &apos;10.0&apos;, java.version: &apos;19.0.2&apos;
Driver info: org.openqa.selenium.chrome.ChromeDriver
Command: [531c815a7f8474acfb4e827bea438187, findElement {using=id, value=dropdown-basic-button}]
Capabilities {acceptInsecureCerts: false, browserName: chrome, browserVersion: 112.0.5615.138, chrome: {chromedriverVersion: 112.0.5615.49 (bd2a7bcb881c..., userDataDir: C:\Users\HAKANB~1.DES\AppDa...}, goog:chromeOptions: {debuggerAddress: localhost:54004}, networkConnectionEnabled: false, pageLoadStrategy: normal, platformName: WINDOWS, proxy: Proxy(), se:cdp: ws://localhost:54004/devtoo..., se:cdpVersion: 112.0.5615.138, setWindowRect: true, strictFileInteractability: false, timeouts: {implicit: 0, pageLoad: 300000, script: 30000}, unhandledPromptBehavior: dismiss and notify, webauthn:extension:credBlob: true, webauthn:extension:largeBlob: true, webauthn:extension:minPinLength: true, webauthn:extension:prf: true, webauthn:virtualAuthenticators: true}
Session ID: 531c815a7f8474acfb4e827bea438187
	at java.base/jdk.internal.reflect.DirectConstructorHandleAccessor.newInstance(DirectConstructorHandleAccessor.java:67)
	at java.base/java.lang.reflect.Constructor.newInstanceWithCaller(Constructor.java:500)
	at java.base/java.lang.reflect.Constructor.newInstance(Constructor.java:484)
	at org.openqa.selenium.remote.codec.w3c.W3CHttpResponseCodec.createException(W3CHttpResponseCodec.java:200)
	at org.openqa.selenium.remote.codec.w3c.W3CHttpResponseCodec.decode(W3CHttpResponseCodec.java:133)
	at org.openqa.selenium.remote.codec.w3c.W3CHttpResponseCodec.decode(W3CHttpResponseCodec.java:53)
	at org.openqa.selenium.remote.HttpCommandExecutor.execute(HttpCommandExecutor.java:193)
	at org.openqa.selenium.remote.service.DriverCommandExecutor.invokeExecute(DriverCommandExecutor.java:183)
	at org.openqa.selenium.remote.service.DriverCommandExecutor.execute(DriverCommandExecutor.java:158)
	at org.openqa.selenium.remote.RemoteWebDriver.execute(RemoteWebDriver.java:543)
	at org.openqa.selenium.remote.ElementLocation$ElementFinder$2.findElement(ElementLocation.java:162)
	at org.openqa.selenium.remote.ElementLocation.findElement(ElementLocation.java:66)
	at org.openqa.selenium.remote.RemoteWebDriver.findElement(RemoteWebDriver.java:352)
	at org.openqa.selenium.remote.RemoteWebDriver.findElement(RemoteWebDriver.java:344)
	at org.openqa.selenium.support.pagefactory.DefaultElementLocator.findElement(DefaultElementLocator.java:70)
	at org.openqa.selenium.support.pagefactory.internal.LocatingElementHandler.invoke(LocatingElementHandler.java:39)
	at jdk.proxy2/jdk.proxy2.$Proxy14.getText(Unknown Source)
	at general.tests.day24_Properties_Pages.SmokeTest.PositiveTest.testName(PositiveTest.java:27)
	at java.base/jdk.internal.reflect.DirectMethodHandleAccessor.invoke(DirectMethodHandleAccessor.java:104)
	at java.base/java.lang.reflect.Method.invoke(Method.java:578)
	at org.testng.internal.invokers.MethodInvocationHelper.invokeMethod(MethodInvocationHelper.java:139)
	at org.testng.internal.invokers.TestInvoker.invokeMethod(TestInvoker.java:677)
	at org.testng.internal.invokers.TestInvoker.invokeTestMethod(TestInvoker.java:221)
	at org.testng.internal.invokers.MethodRunner.runInSequence(MethodRunner.java:50)
	at org.testng.internal.invokers.TestInvoker$MethodInvocationAgent.invoke(TestInvoker.java:969)
	at org.testng.internal.invokers.TestInvoker.invokeTestMethods(TestInvoker.java:194)
	at org.testng.internal.invokers.TestMethodWorker.invokeTestMethods(TestMethodWorker.java:148)
	at org.testng.internal.invokers.TestMethodWorker.run(TestMethodWorker.java:128)
	at java.base/java.util.ArrayList.forEach(ArrayList.java:1511)
	at org.testng.TestRunner.privateRun(TestRunner.java:829)
	at org.testng.TestRunner.run(TestRunner.java:602)
	at org.testng.SuiteRunner.runTest(SuiteRunner.java:437)
	at org.testng.SuiteRunner.runSequentially(SuiteRunner.java:431)
	at org.testng.SuiteRunner.privateRun(SuiteRunner.java:391)
	at org.testng.SuiteRunner.run(SuiteRunner.java:330)
	at org.testng.SuiteRunnerWorker.runSuite(SuiteRunnerWorker.java:52)
	at org.testng.SuiteRunnerWorker.run(SuiteRunnerWorker.java:95)
	at org.testng.TestNG.runSuitesSequentially(TestNG.java:1256)
	at org.testng.TestNG.runSuitesLocally(TestNG.java:1176)
	at org.testng.TestNG.runSuites(TestNG.java:1099)
	at org.testng.TestNG.run(TestNG.java:1067)
	at com.intellij.rt.testng.IDEARemoteTestNG.run(IDEARemoteTestNG.java:66)
	at com.intellij.rt.testng.RemoteTestNGStarter.main(RemoteTestNGStarter.java:109)
</pre></div></td>
<td>18</td>
<td>general.tests.day24_Properties_Pages.SmokeTest.PositiveTest@433d61fb</td></tr>
</table><p>
<table width='100%' border='1' class='invocation-passed'>
<tr><td colspan='4' align='center'><b>PASSED TESTS</b></td></tr>
<tr><td><b>Test method</b></td>
<td><b>Attribute(s)</b></td>
<td width="30%"><b>Exception</b></td>
<td width="10%"><b>Time (seconds)</b></td>
<td><b>Instance</b></td>
</tr>
<tr>
<td title='general.tests.day26_DataProvider.C02_DataProviderTest2.test3()'><b>test3</b><br>Test class: techproed.tests.day26_DataProvider.C02_DataProviderTest2<br>Parameters: sam.walker@bluerentalcars.com, c!fas_art</td>
<td></td>
<td>0</td>
<td>general.tests.day26_DataProvider.C02_DataProviderTest2@4b14c583</td></tr>
<tr>
<td title='general.tests.day26_DataProvider.C02_DataProviderTest2.test2()'><b>test2</b><br>Test class: techproed.tests.day26_DataProvider.C02_DataProviderTest2<br>Parameters: Fatma, Ftm_987</td>
<td></td>
<td>0</td>
<td>general.tests.day26_DataProvider.C02_DataProviderTest2@4b14c583</td></tr>
<tr>
<td title='general.tests.day26_DataProvider.C02_DataProviderTest2.test3()'><b>test3</b><br>Test class: techproed.tests.day26_DataProvider.C02_DataProviderTest2<br>Parameters: pam.raymond@bluerentalcars.com, Nga^g6!</td>
<td></td>
<td>0</td>
<td>general.tests.day26_DataProvider.C02_DataProviderTest2@4b14c583</td></tr>
<tr>
<td title='general.tests.day26_DataProvider.C02_DataProviderTest2.test3()'><b>test3</b><br>Test class: techproed.tests.day26_DataProvider.C02_DataProviderTest2<br>Parameters: raj.khan@bluerentalcars.com, v7Hg_va^</td>
<td></td>
<td>0</td>
<td>general.tests.day26_DataProvider.C02_DataProviderTest2@4b14c583</td></tr>
<tr>
<td title='general.tests.day26_DataProvider.C02_DataProviderTest2.testName()'><b>testName</b><br>Test class: techproed.tests.day26_DataProvider.C02_DataProviderTest2<br>Parameters: Ankara, İçAnadolu, 06</td>
<td></td>
<td>0</td>
<td>general.tests.day26_DataProvider.C02_DataProviderTest2@4b14c583</td></tr>
<tr>
<td title='general.tests.day24_Properties_Pages.SmokeTest.NegativeTest.testName()'><b>testName</b><br>Test class: techproed.tests.day24_Properties_Pages.SmokeTest.NegativeTest</td>
<td></td>
<td>8</td>
<td>general.tests.day24_Properties_Pages.SmokeTest.NegativeTest@794cb805</td></tr>
<tr>
<td title='general.tests.day26_DataProvider.C01_DataProviderTest1.dataProviderExcellTest()'><b>dataProviderExcellTest</b><br>Test class: techproed.tests.day26_DataProvider.C01_DataProviderTest1<br>Parameters: pam.raymond@bluerentalcars.com, Nga^g6!</td>
<td></td>
<td>5</td>
<td>general.tests.day26_DataProvider.C01_DataProviderTest1@5c909414</td></tr>
<tr>
<td title='general.tests.day26_DataProvider.C02_DataProviderTest2.test2()'><b>test2</b><br>Test class: techproed.tests.day26_DataProvider.C02_DataProviderTest2<br>Parameters: Ali, Ali.123</td>
<td></td>
<td>0</td>
<td>general.tests.day26_DataProvider.C02_DataProviderTest2@4b14c583</td></tr>
<tr>
<td title='general.tests.day26_DataProvider.C01_DataProviderTest1.dataProviderExcellTest()'><b>dataProviderExcellTest</b><br>Test class: techproed.tests.day26_DataProvider.C01_DataProviderTest1<br>Parameters: raj.khan@bluerentalcars.com, v7Hg_va^</td>
<td></td>
<td>4</td>
<td>general.tests.day26_DataProvider.C01_DataProviderTest1@5c909414</td></tr>
<tr>
<td title='general.tests.day26_DataProvider.C02_DataProviderTest2.test3()'><b>test3</b><br>Test class: techproed.tests.day26_DataProvider.C02_DataProviderTest2<br>Parameters: kate.brown@bluerentalcars.com, tad1$Fas</td>
<td></td>
<td>0</td>
<td>general.tests.day26_DataProvider.C02_DataProviderTest2@4b14c583</td></tr>
<tr>
<td title='general.tests.day26_DataProvider.C01_DataProviderTest1.dataProviderExcellTest()'><b>dataProviderExcellTest</b><br>Test class: techproed.tests.day26_DataProvider.C01_DataProviderTest1<br>Parameters: sam.walker@bluerentalcars.com, c!fas_art</td>
<td></td>
<td>5</td>
<td>general.tests.day26_DataProvider.C01_DataProviderTest1@5c909414</td></tr>
<tr>
<td title='general.tests.day26_DataProvider.C02_DataProviderTest2.testName()'><b>testName</b><br>Test class: techproed.tests.day26_DataProvider.C02_DataProviderTest2<br>Parameters: Diyarbakır, Güneydoğu, 21</td>
<td></td>
<td>0</td>
<td>general.tests.day26_DataProvider.C02_DataProviderTest2@4b14c583</td></tr>
<tr>
<td title='general.tests.day26_DataProvider.C02_DataProviderTest2.testName()'><b>testName</b><br>Test class: techproed.tests.day26_DataProvider.C02_DataProviderTest2<br>Parameters: İstanbul, Marmara, 34</td>
<td></td>
<td>0</td>
<td>general.tests.day26_DataProvider.C02_DataProviderTest2@4b14c583</td></tr>
<tr>
<td title='general.tests.day26_DataProvider.C02_DataProviderTest2.test2()'><b>test2</b><br>Test class: techproed.tests.day26_DataProvider.C02_DataProviderTest2<br>Parameters: Ayşe, Ayşe.123</td>
<td></td>
<td>0</td>
<td>general.tests.day26_DataProvider.C02_DataProviderTest2@4b14c583</td></tr>
<tr>
<td title='general.tests.day26_DataProvider.C01_DataProviderTest1.dataProviderExcellTest()'><b>dataProviderExcellTest</b><br>Test class: techproed.tests.day26_DataProvider.C01_DataProviderTest1<br>Parameters: kate.brown@bluerentalcars.com, tad1$Fas</td>
<td></td>
<td>5</td>
<td>general.tests.day26_DataProvider.C01_DataProviderTest1@5c909414</td></tr>
</table><p>
</body>
</html>